Using pre-set license
Built from '2021.3/staging' branch; Version is '2021.3.10f1 (1c7d0df0160b) revision 1867021'; Using compiler version '192829333'; Build Type 'Release'
OS: 'Windows 11  (10.0.22621) 64bit Core' Language: 'en' Physical Memory: 32620 MB
BatchMode: 1, IsHumanControllingUs: 0, StartBugReporterOnCrash: 0, Is64bit: 1, IsPro: 1

COMMAND LINE ARGUMENTS:
C:\Program Files\Unity\Hub\Editor\2021.3.10f1\Editor\Unity.exe
-adb2
-batchMode
-noUpm
-name
AssetImportWorker4
-projectPath
C:/Users/bored/Documents/!HANZE/Year 1/Block 4/Unity/Restore
-logFile
Logs/AssetImportWorker4.log
-srvPort
65483
Successfully changed project path to: C:/Users/bored/Documents/!HANZE/Year 1/Block 4/Unity/Restore
C:/Users/bored/Documents/!HANZE/Year 1/Block 4/Unity/Restore
[UnityMemory] Configuration Parameters - Can be set up in boot.config
    "memorysetup-bucket-allocator-granularity=16"
    "memorysetup-bucket-allocator-bucket-count=8"
    "memorysetup-bucket-allocator-block-size=33554432"
    "memorysetup-bucket-allocator-block-count=8"
    "memorysetup-main-allocator-block-size=16777216"
    "memorysetup-thread-allocator-block-size=16777216"
    "memorysetup-gfx-main-allocator-block-size=16777216"
    "memorysetup-gfx-thread-allocator-block-size=16777216"
    "memorysetup-cache-allocator-block-size=4194304"
    "memorysetup-typetree-allocator-block-size=2097152"
    "memorysetup-profiler-bucket-allocator-granularity=16"
    "memorysetup-profiler-bucket-allocator-bucket-count=8"
    "memorysetup-profiler-bucket-allocator-block-size=33554432"
    "memorysetup-profiler-bucket-allocator-block-count=8"
    "memorysetup-profiler-allocator-block-size=16777216"
    "memorysetup-profiler-editor-allocator-block-size=1048576"
    "memorysetup-temp-allocator-size-main=16777216"
    "memorysetup-job-temp-allocator-block-size=2097152"
    "memorysetup-job-temp-allocator-block-size-background=1048576"
    "memorysetup-job-temp-allocator-reduction-small-platforms=262144"
    "memorysetup-temp-allocator-size-background-worker=32768"
    "memorysetup-temp-allocator-size-job-worker=262144"
    "memorysetup-temp-allocator-size-preload-manager=33554432"
    "memorysetup-temp-allocator-size-nav-mesh-worker=65536"
    "memorysetup-temp-allocator-size-audio-worker=65536"
    "memorysetup-temp-allocator-size-cloud-worker=32768"
    "memorysetup-temp-allocator-size-gi-baking-worker=262144"
    "memorysetup-temp-allocator-size-gfx=262144"
Refreshing native plugins compatible for Editor in 111.58 ms, found 3 plugins.
Preloading 0 native plugins for Editor in 0.00 ms.
Initialize engine version: 2021.3.10f1 (1c7d0df0160b)
[Subsystems] Discovering subsystems at path C:/Program Files/Unity/Hub/Editor/2021.3.10f1/Editor/Data/Resources/UnitySubsystems
[Subsystems] Discovering subsystems at path C:/Users/bored/Documents/!HANZE/Year 1/Block 4/Unity/Restore/Assets
GfxDevice: creating device client; threaded=0; jobified=0
Direct3D:
    Version:  Direct3D 11.0 [level 11.1]
    Renderer: NVIDIA GeForce RTX 3070 Laptop GPU (ID=0x24dd)
    Vendor:   NVIDIA
    VRAM:     8044 MB
    Driver:   31.0.15.1748
Initialize mono
Mono path[0] = 'C:/Program Files/Unity/Hub/Editor/2021.3.10f1/Editor/Data/Managed'
Mono path[1] = 'C:/Program Files/Unity/Hub/Editor/2021.3.10f1/Editor/Data/MonoBleedingEdge/lib/mono/unityjit-win32'
Mono config path = 'C:/Program Files/Unity/Hub/Editor/2021.3.10f1/Editor/Data/MonoBleedingEdge/etc'
Using monoOptions --debugger-agent=transport=dt_socket,embedding=1,server=y,suspend=n,address=127.0.0.1:56332
Begin MonoManager ReloadAssembly
Registering precompiled unity dll's ...
Register platform support module: C:/Program Files/Unity/Hub/Editor/2021.3.10f1/Editor/Data/PlaybackEngines/WindowsStandaloneSupport/UnityEditor.WindowsStandalone.Extensions.dll
Registered in 0.005385 seconds.
Native extension for WindowsStandalone target not found
Refreshing native plugins compatible for Editor in 79.07 ms, found 3 plugins.
Preloading 0 native plugins for Editor in 0.00 ms.
Mono: successfully reloaded assembly
- Completed reload, in  0.666 seconds
Domain Reload Profiling:
	ReloadAssembly (667ms)
		BeginReloadAssembly (89ms)
			ExecutionOrderSort (0ms)
			DisableScriptedObjects (0ms)
			BackupInstance (0ms)
			ReleaseScriptingObjects (0ms)
			CreateAndSetChildDomain (1ms)
		EndReloadAssembly (459ms)
			LoadAssemblies (87ms)
			RebuildTransferFunctionScriptingTraits (0ms)
			SetupTypeCache (118ms)
			ReleaseScriptCaches (0ms)
			RebuildScriptCaches (30ms)
			SetupLoadedEditorAssemblies (252ms)
				LogAssemblyErrors (0ms)
				InitializePlatformSupportModulesInManaged (9ms)
				SetLoadedEditorAssemblies (0ms)
				RefreshPlugins (79ms)
				BeforeProcessingInitializeOnLoad (1ms)
				ProcessInitializeOnLoadAttributes (123ms)
				ProcessInitializeOnLoadMethodAttributes (40ms)
				AfterProcessingInitializeOnLoad (0ms)
				EditorAssembliesLoaded (0ms)
			ExecutionOrderSort2 (0ms)
			AwakeInstancesAfterBackupRestoration (0ms)
Platform modules already initialized, skipping
Registering precompiled user dll's ...
Registered in 0.005972 seconds.
Begin MonoManager ReloadAssembly
Symbol file LoadedFromMemory doesn't match image C:\Users\bored\Documents\!HANZE\Year 1\Block 4\Unity\Restore\Library\PackageCache\com.unity.visualscripting@1.7.8\Editor\VisualScripting.Core\Dependencies\YamlDotNet\Unity.VisualScripting.YamlDotNet.dll
Symbol file LoadedFromMemory doesn't match image C:\Users\bored\Documents\!HANZE\Year 1\Block 4\Unity\Restore\Library\PackageCache\com.unity.visualscripting@1.7.8\Editor\VisualScripting.Core\Dependencies\DotNetZip\Unity.VisualScripting.IonicZip.dll
Native extension for WindowsStandalone target not found
Refreshing native plugins compatible for Editor in 77.08 ms, found 3 plugins.
Preloading 0 native plugins for Editor in 0.00 ms.
Mono: successfully reloaded assembly
- Completed reload, in  1.010 seconds
Domain Reload Profiling:
	ReloadAssembly (1011ms)
		BeginReloadAssembly (96ms)
			ExecutionOrderSort (0ms)
			DisableScriptedObjects (5ms)
			BackupInstance (0ms)
			ReleaseScriptingObjects (0ms)
			CreateAndSetChildDomain (17ms)
		EndReloadAssembly (817ms)
			LoadAssemblies (76ms)
			RebuildTransferFunctionScriptingTraits (0ms)
			SetupTypeCache (220ms)
			ReleaseScriptCaches (1ms)
			RebuildScriptCaches (43ms)
			SetupLoadedEditorAssemblies (444ms)
				LogAssemblyErrors (0ms)
				InitializePlatformSupportModulesInManaged (3ms)
				SetLoadedEditorAssemblies (0ms)
				RefreshPlugins (77ms)
				BeforeProcessingInitializeOnLoad (79ms)
				ProcessInitializeOnLoadAttributes (258ms)
				ProcessInitializeOnLoadMethodAttributes (21ms)
				AfterProcessingInitializeOnLoad (5ms)
				EditorAssembliesLoaded (0ms)
			ExecutionOrderSort2 (0ms)
			AwakeInstancesAfterBackupRestoration (5ms)
Platform modules already initialized, skipping
========================================================================
Worker process is ready to serve import requests
Launched and connected shader compiler UnityShaderCompiler.exe after 0.05 seconds
Refreshing native plugins compatible for Editor in 1.25 ms, found 3 plugins.
Preloading 0 native plugins for Editor in 0.00 ms.
Unloading 3751 Unused Serialized files (Serialized files now loaded: 0)
Unloading 30 unused Assets / (113.7 KB). Loaded Objects now: 4228.
Memory consumption went from 146.5 MB to 146.4 MB.
Total: 5.141700 ms (FindLiveObjects: 0.497300 ms CreateObjectMapping: 0.137100 ms MarkObjects: 4.351900 ms  DeleteObjects: 0.154100 ms)

AssetImportParameters requested are different than current active one (requested -> active):
  custom:video-decoder-ogg-theora: a1e56fd34408186e4bbccfd4996cb3dc -> 
  custom:container-muxer-webm: aa71ff27fc2769a1b78a27578f13a17b -> 
  custom:container-demuxer-webm: 4f35f7cbe854078d1ac9338744f61a02 -> 
  custom:video-encoder-webm-vp8: eb34c28f22e8b96e1ab97ce403110664 -> 
  custom:video-codec-MediaFoundation-h265: 746d11721c4dcdbdad8f713fa42b33f4 -> 
  custom:audio-encoder-webm-vorbis: bf7c407c2cedff20999df2af8eb42d56 -> 
  custom:framework-win-MediaFoundation: 216162199b28c13a410421893ffa2e32 -> 
  custom:container-demuxer-ogg: 62fdf1f143b41e24485cea50d1cbac27 -> 
  custom:video-decoder-webm-vp8: 9c59270c3fd7afecdb556c50c9e8de78 -> 
  custom:audio-decoder-ogg-vorbis: bf7c407c2cedff20999df2af8eb42d56 -> 
========================================================================
Received Import Request.
  Time since last request: 2049680.415283 seconds.
  path: Assets/Inventory/Prefabs/InventoryImage.prefab
  artifactKey: Guid(e7d159d9813b8944b80fd3b38002ecd1) Importer(815301076,1909f56bfc062723c751e8b465ee728b)
Start importing Assets/Inventory/Prefabs/InventoryImage.prefab using Guid(e7d159d9813b8944b80fd3b38002ecd1) Importer(815301076,1909f56bfc062723c751e8b465ee728b)  -> (artifact id: '46eb874daf4cde5f286d0002ae7c5839') in 0.080048 seconds 
========================================================================
Received Import Request.
  Time since last request: 7.504479 seconds.
  path: Assets/Inventory/Prefabs/InventoryImage Variant.prefab
  artifactKey: Guid(d374bce9fcade7d49b78242075c3d11e) Importer(815301076,1909f56bfc062723c751e8b465ee728b)
Start importing Assets/Inventory/Prefabs/InventoryImage Variant.prefab using Guid(d374bce9fcade7d49b78242075c3d11e) Importer(815301076,1909f56bfc062723c751e8b465ee728b)  -> (artifact id: '27aef149add839312ad7efa7facb5ffb') in 0.024935 seconds 
========================================================================
Received Import Request.
  Time since last request: 11.492521 seconds.
  path: Assets/Inventory/Prefabs/InventoryImage Variant 1.prefab
  artifactKey: Guid(0e21a59c5c5d6b54f9425c22aa570cad) Importer(815301076,1909f56bfc062723c751e8b465ee728b)
Start importing Assets/Inventory/Prefabs/InventoryImage Variant 1.prefab using Guid(0e21a59c5c5d6b54f9425c22aa570cad) Importer(815301076,1909f56bfc062723c751e8b465ee728b)  -> (artifact id: 'c49e2b1c4f73d47aaea482fe2308eb85') in 0.023488 seconds 
========================================================================
Received Import Request.
  Time since last request: 5.938033 seconds.
  path: Assets/Inventory/Prefabs/InventoryImage (1) Variant.prefab
  artifactKey: Guid(433ddf0ddf4a3be47b0ecaaefc2b8317) Importer(815301076,1909f56bfc062723c751e8b465ee728b)
Start importing Assets/Inventory/Prefabs/InventoryImage (1) Variant.prefab using Guid(433ddf0ddf4a3be47b0ecaaefc2b8317) Importer(815301076,1909f56bfc062723c751e8b465ee728b)  -> (artifact id: '02a8170f0016424da5ea032854f3bf3d') in 0.023750 seconds 
========================================================================
Received Import Request.
  Time since last request: 8.523791 seconds.
  path: Assets/Inventory/Prefabs/InventoryImage Variant 2.prefab
  artifactKey: Guid(4ce562e604bd713408d6e3af3ec986a1) Importer(815301076,1909f56bfc062723c751e8b465ee728b)
Start importing Assets/Inventory/Prefabs/InventoryImage Variant 2.prefab using Guid(4ce562e604bd713408d6e3af3ec986a1) Importer(815301076,1909f56bfc062723c751e8b465ee728b)  -> (artifact id: 'e50b7f2ea7cb32f701ad538c6c9ba650') in 0.022901 seconds 
========================================================================
Received Import Request.
  Time since last request: 8.862027 seconds.
  path: Assets/Inventory/Prefabs/InventoryImage Variant 3.prefab
  artifactKey: Guid(9ad32060d00a43c4d9f2a3dc2976f4da) Importer(815301076,1909f56bfc062723c751e8b465ee728b)
Start importing Assets/Inventory/Prefabs/InventoryImage Variant 3.prefab using Guid(9ad32060d00a43c4d9f2a3dc2976f4da) Importer(815301076,1909f56bfc062723c751e8b465ee728b)  -> (artifact id: '49cc60217db7411c50cbf6cf9756d3db') in 0.023586 seconds 
========================================================================
Received Import Request.
  Time since last request: 10.050734 seconds.
  path: Assets/Inventory/Prefabs/Water Bottle.prefab
  artifactKey: Guid(e7d159d9813b8944b80fd3b38002ecd1) Importer(815301076,1909f56bfc062723c751e8b465ee728b)
Start importing Assets/Inventory/Prefabs/Water Bottle.prefab using Guid(e7d159d9813b8944b80fd3b38002ecd1) Importer(815301076,1909f56bfc062723c751e8b465ee728b)  -> (artifact id: '38f5dc1dc8bce909deedc35614dbefa5') in 0.019016 seconds 
========================================================================
Received Import Request.
  Time since last request: 0.000021 seconds.
  path: Assets/Inventory/Prefabs/InventoryImage Variant 1.prefab
  artifactKey: Guid(0e21a59c5c5d6b54f9425c22aa570cad) Importer(815301076,1909f56bfc062723c751e8b465ee728b)
Start importing Assets/Inventory/Prefabs/InventoryImage Variant 1.prefab using Guid(0e21a59c5c5d6b54f9425c22aa570cad) Importer(815301076,1909f56bfc062723c751e8b465ee728b)  -> (artifact id: '9ce685256d7dd82273b5818df2fcce74') in 0.024930 seconds 
========================================================================
Received Import Request.
  Time since last request: 0.000021 seconds.
  path: Assets/Inventory/Prefabs/InventoryImage Variant 3.prefab
  artifactKey: Guid(9ad32060d00a43c4d9f2a3dc2976f4da) Importer(815301076,1909f56bfc062723c751e8b465ee728b)
Start importing Assets/Inventory/Prefabs/InventoryImage Variant 3.prefab using Guid(9ad32060d00a43c4d9f2a3dc2976f4da) Importer(815301076,1909f56bfc062723c751e8b465ee728b)  -> (artifact id: '3ab51d527a68701c4c59fec6d4c52015') in 0.026987 seconds 
========================================================================
Received Import Request.
  Time since last request: 0.000134 seconds.
  path: Assets/Inventory/Prefabs/InventoryImage Variant 2.prefab
  artifactKey: Guid(4ce562e604bd713408d6e3af3ec986a1) Importer(815301076,1909f56bfc062723c751e8b465ee728b)
Start importing Assets/Inventory/Prefabs/InventoryImage Variant 2.prefab using Guid(4ce562e604bd713408d6e3af3ec986a1) Importer(815301076,1909f56bfc062723c751e8b465ee728b)  -> (artifact id: '3a9c7f462e220d7a5988b2af8ab7c0f7') in 0.019854 seconds 
========================================================================
Received Import Request.
  Time since last request: 18.709161 seconds.
  path: Assets/Inventory/Prefabs/ParentItem.prefab
  artifactKey: Guid(e7d159d9813b8944b80fd3b38002ecd1) Importer(815301076,1909f56bfc062723c751e8b465ee728b)
Start importing Assets/Inventory/Prefabs/ParentItem.prefab using Guid(e7d159d9813b8944b80fd3b38002ecd1) Importer(815301076,1909f56bfc062723c751e8b465ee728b)  -> (artifact id: '3784e36edf97798fafd3f2f4f5af1d47') in 0.023252 seconds 
========================================================================
Received Import Request.
  Time since last request: 0.000020 seconds.
  path: Assets/Inventory/Prefabs/InventoryImage Variant 3.prefab
  artifactKey: Guid(9ad32060d00a43c4d9f2a3dc2976f4da) Importer(815301076,1909f56bfc062723c751e8b465ee728b)
Start importing Assets/Inventory/Prefabs/InventoryImage Variant 3.prefab using Guid(9ad32060d00a43c4d9f2a3dc2976f4da) Importer(815301076,1909f56bfc062723c751e8b465ee728b)  -> (artifact id: '3846fb3fc2909b6dbb68d85514f63265') in 0.019116 seconds 
========================================================================
Received Import Request.
  Time since last request: 0.000022 seconds.
  path: Assets/Inventory/Prefabs/InventoryImage Variant.prefab
  artifactKey: Guid(d374bce9fcade7d49b78242075c3d11e) Importer(815301076,1909f56bfc062723c751e8b465ee728b)
Start importing Assets/Inventory/Prefabs/InventoryImage Variant.prefab using Guid(d374bce9fcade7d49b78242075c3d11e) Importer(815301076,1909f56bfc062723c751e8b465ee728b)  -> (artifact id: '3bcab27308d04bc19b8465dde9e7502e') in 0.019990 seconds 
========================================================================
Received Import Request.
  Time since last request: 7.002732 seconds.
  path: Assets/Inventory/Prefabs/ParentItem Variant.prefab
  artifactKey: Guid(17d7dbd875e2c024f8ff83c6f8cf5a8d) Importer(815301076,1909f56bfc062723c751e8b465ee728b)
Start importing Assets/Inventory/Prefabs/ParentItem Variant.prefab using Guid(17d7dbd875e2c024f8ff83c6f8cf5a8d) Importer(815301076,1909f56bfc062723c751e8b465ee728b)  -> (artifact id: '184e8158a65cc72d07605bd7b8e7f2eb') in 0.023019 seconds 
========================================================================
Received Import Request.
  Time since last request: 10.160255 seconds.
  path: Assets/Inventory/Prefabs/Water Bottle.prefab
  artifactKey: Guid(17d7dbd875e2c024f8ff83c6f8cf5a8d) Importer(815301076,1909f56bfc062723c751e8b465ee728b)
Start importing Assets/Inventory/Prefabs/Water Bottle.prefab using Guid(17d7dbd875e2c024f8ff83c6f8cf5a8d) Importer(815301076,1909f56bfc062723c751e8b465ee728b)  -> (artifact id: '93f81f16d7d403a89c1075b3b589e672') in 0.018917 seconds 
========================================================================
Received Import Request.
  Time since last request: 7.287446 seconds.
  path: Assets/Inventory/Prefabs/Small Weapons.prefab
  artifactKey: Guid(d374bce9fcade7d49b78242075c3d11e) Importer(815301076,1909f56bfc062723c751e8b465ee728b)
Start importing Assets/Inventory/Prefabs/Small Weapons.prefab using Guid(d374bce9fcade7d49b78242075c3d11e) Importer(815301076,1909f56bfc062723c751e8b465ee728b)  -> (artifact id: '0a7ef6adb28c71415eaa91a9b78b1629') in 0.022662 seconds 
========================================================================
Received Import Request.
  Time since last request: 5.108071 seconds.
  path: Assets/Inventory/Prefabs/Plastic Rings.prefab
  artifactKey: Guid(9ad32060d00a43c4d9f2a3dc2976f4da) Importer(815301076,1909f56bfc062723c751e8b465ee728b)
Start importing Assets/Inventory/Prefabs/Plastic Rings.prefab using Guid(9ad32060d00a43c4d9f2a3dc2976f4da) Importer(815301076,1909f56bfc062723c751e8b465ee728b)  -> (artifact id: 'd577f871458f2b211e90c2f28f2cbfa3') in 0.018437 seconds 
========================================================================
Received Import Request.
  Time since last request: 2.808694 seconds.
  path: Assets/Inventory/Prefabs/Twine.prefab
  artifactKey: Guid(4ce562e604bd713408d6e3af3ec986a1) Importer(815301076,1909f56bfc062723c751e8b465ee728b)
Start importing Assets/Inventory/Prefabs/Twine.prefab using Guid(4ce562e604bd713408d6e3af3ec986a1) Importer(815301076,1909f56bfc062723c751e8b465ee728b)  -> (artifact id: '5817bf17d66b6f65a2dc78fa542353d2') in 0.022896 seconds 
========================================================================
Received Import Request.
  Time since last request: 10.282454 seconds.
  path: Assets/Inventory/Prefabs/Basic Panel.prefab
  artifactKey: Guid(0e21a59c5c5d6b54f9425c22aa570cad) Importer(815301076,1909f56bfc062723c751e8b465ee728b)
Start importing Assets/Inventory/Prefabs/Basic Panel.prefab using Guid(0e21a59c5c5d6b54f9425c22aa570cad) Importer(815301076,1909f56bfc062723c751e8b465ee728b)  -> (artifact id: 'c1bb7251fcb88a78069cf281f2744dc2') in 0.023365 seconds 
========================================================================
Received Import Request.
  Time since last request: 7.722433 seconds.
  path: Assets/Inventory/Prefabs/Basic Connectors.prefab
  artifactKey: Guid(433ddf0ddf4a3be47b0ecaaefc2b8317) Importer(815301076,1909f56bfc062723c751e8b465ee728b)
Start importing Assets/Inventory/Prefabs/Basic Connectors.prefab using Guid(433ddf0ddf4a3be47b0ecaaefc2b8317) Importer(815301076,1909f56bfc062723c751e8b465ee728b)  -> (artifact id: 'b12d4e24ab9a4f4a7a61ff4c37e69f26') in 0.022294 seconds 
========================================================================
Received Import Request.
  Time since last request: 13.799209 seconds.
  path: Assets/Inventory/Prefabs/1ParentItem.prefab
  artifactKey: Guid(e7d159d9813b8944b80fd3b38002ecd1) Importer(815301076,1909f56bfc062723c751e8b465ee728b)
Start importing Assets/Inventory/Prefabs/1ParentItem.prefab using Guid(e7d159d9813b8944b80fd3b38002ecd1) Importer(815301076,1909f56bfc062723c751e8b465ee728b)  -> (artifact id: 'd691132ce253d5226f3b65fe496536e3') in 0.022680 seconds 
========================================================================
Received Import Request.
  Time since last request: 0.016257 seconds.
  path: Assets/Inventory/Prefabs/Basic Panel.prefab
  artifactKey: Guid(0e21a59c5c5d6b54f9425c22aa570cad) Importer(815301076,1909f56bfc062723c751e8b465ee728b)
Start importing Assets/Inventory/Prefabs/Basic Panel.prefab using Guid(0e21a59c5c5d6b54f9425c22aa570cad) Importer(815301076,1909f56bfc062723c751e8b465ee728b)  -> (artifact id: '8e73baaba00b4c1b83ed9457bfa73f43') in 0.026699 seconds 
========================================================================
Received Import Request.
  Time since last request: 0.000033 seconds.
  path: Assets/Inventory/Prefabs/Twine.prefab
  artifactKey: Guid(4ce562e604bd713408d6e3af3ec986a1) Importer(815301076,1909f56bfc062723c751e8b465ee728b)
Start importing Assets/Inventory/Prefabs/Twine.prefab using Guid(4ce562e604bd713408d6e3af3ec986a1) Importer(815301076,1909f56bfc062723c751e8b465ee728b)  -> (artifact id: '7137ef55eebd0d1b632df45af01014b7') in 0.019250 seconds 
========================================================================
Received Import Request.
  Time since last request: 0.000019 seconds.
  path: Assets/Inventory/Prefabs/Water Bottle.prefab
  artifactKey: Guid(17d7dbd875e2c024f8ff83c6f8cf5a8d) Importer(815301076,1909f56bfc062723c751e8b465ee728b)
Start importing Assets/Inventory/Prefabs/Water Bottle.prefab using Guid(17d7dbd875e2c024f8ff83c6f8cf5a8d) Importer(815301076,1909f56bfc062723c751e8b465ee728b)  -> (artifact id: 'ad549861c81684585ec7524ea52280b0') in 0.019009 seconds 
Editor requested this worker to shutdown with reason: Scaling down because of idle timeout
AssetImportWorker is now disconnected from the server
Process exiting
Exiting without the bug reporter. Application will terminate with return code 0